<?xml version="1.0" encoding="UTF-8" standalone="yes" ?>
<test-results name="D:\ORMBr\Test\TestsIBObjects.exe" total="15" errors="0" failures="1" ignored="0" inconclusive="0" not-run="0" skipped="0" invalid="0" date="2019-03-12" time="0.995">
  <culture-info current-culture="en" current-uiculture="en" />
  <test-suite type="Assembly" name="TestsIBObjects.exe" executed="true" result="Failure" success="False" time="0.995" asserts="0">
    <results>
        <test-suite type="Namespace" name="Tests" executed="true" result="Failure" success="False" time="0.994" asserts="0" >
          <results>
              <test-suite type="Fixture" name="TTestDriverConnection" executed="True" result="Failure" success="False" time="0.994" >
                <results>
                  <test-case name="TestConnect" executed="True" result="Success" success="True" time="0.185" asserts="0" />
                  <test-case name="TestDisconnect" executed="True" result="Success" success="True" time="0.000" asserts="0" />
                  <test-case name="TestExecuteDirect" executed="True" result="Success" success="True" time="0.133" asserts="0" />
                  <test-case name="TestExecuteDirectParams" executed="True" result="Success" success="True" time="0.126" asserts="0" />
                  <test-case name="TestExecuteScript" executed="True" result="Success" success="True" time="0.031" asserts="0" />
                  <test-case name="TestAddScript" executed="True" result="Success" success="True" time="0.015" asserts="0" />
                  <test-case name="TestExecuteScripts" executed="True" result="Success" success="True" time="0.015" asserts="0" />
                  <test-case name="TestIsConnected" executed="True" result="Success" success="True" time="0.000" asserts="0" />
                  <test-case name="TestInTransaction" executed="True" result="Failure" success="False" time="0.077" asserts="0" >
                    <failure>
                      <message>
                        <![CDATA[ Expected True but got False FConnection.InTransaction <> FFDConnection.InTransaction ]]>
                      </message>
                      <stack-trace>
                        <![CDATA[  ]]>
                      </stack-trace>
                    </failure>
                  </test-case>
                  <test-case name="TestCreateQuery" executed="True" result="Success" success="True" time="0.075" asserts="0" />
                  <test-case name="TestCreateResultSet" executed="True" result="Success" success="True" time="0.060" asserts="0" />
                  <test-case name="TestExecuteSQL" executed="True" result="Success" success="True" time="0.058" asserts="0" />
                  <test-case name="TestStartTransaction" executed="True" result="Success" success="True" time="0.045" asserts="0" />
                  <test-case name="TestCommit" executed="True" result="Success" success="True" time="0.056" asserts="0" />
                  <test-case name="TestRollback" executed="True" result="Success" success="True" time="0.055" asserts="0" />
                </results>
              </test-suite>
          </results>
        </test-suite>
    </results>
  </test-suite>
</test-results>
